Using pre-set license
Built from '2020.2/staging' branch; Version is '2020.2.7f1 (c53830e277f1) revision 12924976'; Using compiler version '192528614'; Build Type 'Release'
OS: 'Windows 10 Home Single Language; OS build 19042.867; Version 2009; 64bit' Language: 'pt' Physical Memory: 8060 MB
BatchMode: 1, IsHumanControllingUs: 0, StartBugReporterOnCrash: 0, Is64bit: 1, IsPro: 0

 COMMAND LINE ARGUMENTS:
C:\Program Files\Unity\Hub\Editor\2020.2.7f1\Editor\Unity.exe
-adb2
-batchMode
-noUpm
-name
AssetImportWorker0
-projectPath
C:/Users/othon/OneDrive/Documentos/OTHON/PROJETOS/APLICATIVOS/Reche-Studies/reche-studies-prog/reche-studies-unity/Reche Studies  schedule
-logFile
Logs/AssetImportWorker0.log
-srvPort
59029
Successfully changed project path to: C:/Users/othon/OneDrive/Documentos/OTHON/PROJETOS/APLICATIVOS/Reche-Studies/reche-studies-prog/reche-studies-unity/Reche Studies  schedule
C:/Users/othon/OneDrive/Documentos/OTHON/PROJETOS/APLICATIVOS/Reche-Studies/reche-studies-prog/reche-studies-unity/Reche Studies  schedule
Using Asset Import Pipeline V2.
Refreshing native plugins compatible for Editor in 45.41 ms, found 1 plugins.
Preloading 0 native plugins for Editor in 0.00 ms.
Initialize engine version: 2020.2.7f1 (c53830e277f1)
[Subsystems] Discovering subsystems at path C:/Program Files/Unity/Hub/Editor/2020.2.7f1/Editor/Data/Resources/UnitySubsystems
[Subsystems] Discovering subsystems at path C:/Users/othon/OneDrive/Documentos/OTHON/PROJETOS/APLICATIVOS/Reche-Studies/reche-studies-prog/reche-studies-unity/Reche Studies  schedule/Assets
GfxDevice: creating device client; threaded=0
Direct3D:
    Version:  Direct3D 11.0 [level 11.1]
    Renderer: NVIDIA GeForce GTX 1050 (ID=0x1c8d)
    Vendor:   
    VRAM:     4061 MB
    Driver:   21.21.13.7654
Initialize mono
Mono path[0] = 'C:/Program Files/Unity/Hub/Editor/2020.2.7f1/Editor/Data/Managed'
Mono path[1] = 'C:/Program Files/Unity/Hub/Editor/2020.2.7f1/Editor/Data/MonoBleedingEdge/lib/mono/unityjit'
Mono config path = 'C:/Program Files/Unity/Hub/Editor/2020.2.7f1/Editor/Data/MonoBleedingEdge/etc'
Using monoOptions --debugger-agent=transport=dt_socket,embedding=1,server=y,suspend=n,address=127.0.0.1:56112
Begin MonoManager ReloadAssembly
Registering precompiled unity dll's ...
Register platform support module: C:/Program Files/Unity/Hub/Editor/2020.2.7f1/Editor/Data/PlaybackEngines/WindowsStandaloneSupport/UnityEditor.WindowsStandalone.Extensions.dll
Registered in 0.002821 seconds.
Native extension for WindowsStandalone target not found
Refreshing native plugins compatible for Editor in 45.55 ms, found 1 plugins.
Preloading 0 native plugins for Editor in 0.00 ms.
Invoked RoslynAnalysisRunner static constructor.
RoslynAnalysisRunner will not be running.
RoslynAnalysisRunner has terminated.
Mono: successfully reloaded assembly
- Completed reload, in  1.408 seconds
Platform modules already initialized, skipping
Registering precompiled user dll's ...
Registered in 0.001352 seconds.
Begin MonoManager ReloadAssembly
Native extension for WindowsStandalone target not found
Refreshing native plugins compatible for Editor in 47.74 ms, found 1 plugins.
Preloading 0 native plugins for Editor in 0.00 ms.
Invoked RoslynAnalysisRunner static constructor.
RoslynAnalysisRunner will not be running.
RoslynAnalysisRunner has terminated.
Mono: successfully reloaded assembly
- Completed reload, in  1.214 seconds
Platform modules already initialized, skipping
========================================================================
Worker process is ready to serve import requests
Launched and connected shader compiler UnityShaderCompiler.exe after 0.06 seconds
Refreshing native plugins compatible for Editor in 0.39 ms, found 1 plugins.
Preloading 0 native plugins for Editor in 0.00 ms.
Unloading 1833 Unused Serialized files (Serialized files now loaded: 0)
System memory in use before: 87.6 MB.
System memory in use after: 87.6 MB.

Unloading 24 unused Assets to reduce memory usage. Loaded Objects now: 2276.
Total: 2.963400 ms (FindLiveObjects: 0.638300 ms CreateObjectMapping: 0.116700 ms MarkObjects: 2.050400 ms  DeleteObjects: 0.156100 ms)

========================================================================
Received Import Request.
  path: Assets/Icons/reche_studies_mainIcon.png
  artifactKey: Guid(be0bd8a46b26a3f428d97b624c5a4a6e) Importer(815301076,1909f56bfc062723c751e8b465ee728b)
Start importing Assets/Icons/reche_studies_mainIcon.png using Guid(be0bd8a46b26a3f428d97b624c5a4a6e) Importer(815301076,1909f56bfc062723c751e8b465ee728b)  -> (artifact id: 'edf1f66961a6c2b51b5e1d742c95fcd2') in 0.158114 seconds
  Import took 0.165334 seconds .

========================================================================
Received Import Request.
  Time since last request: 121.033497 seconds.
  path: Assets/Backgrounds/welcome_background.png
  artifactKey: Guid(dc4810ff570ca8941b6dba3ce1baa761) Importer(815301076,1909f56bfc062723c751e8b465ee728b)
Start importing Assets/Backgrounds/welcome_background.png using Guid(dc4810ff570ca8941b6dba3ce1baa761) Importer(815301076,1909f56bfc062723c751e8b465ee728b)  -> (artifact id: 'edc71fbe9c9c41dcf4295965f830e4cf') in 0.042923 seconds
  Import took 0.052141 seconds .

========================================================================
Received Import Request.
  Time since last request: 110.336186 seconds.
  path: Assets/Backgrounds/maiMenu_background.png
  artifactKey: Guid(2f16810f84358294ea638e7d6fbc2848) Importer(815301076,1909f56bfc062723c751e8b465ee728b)
Start importing Assets/Backgrounds/maiMenu_background.png using Guid(2f16810f84358294ea638e7d6fbc2848) Importer(815301076,1909f56bfc062723c751e8b465ee728b)  -> (artifact id: 'c123459f9b1ff5411794ba2326a3da7d') in 0.025260 seconds
  Import took 0.033187 seconds .

========================================================================
Received Import Request.
  Time since last request: 85.234446 seconds.
  path: Assets/Backgrounds/3 informações.png
  artifactKey: Guid(096603877e71be7418ce743ca77195b6) Importer(815301076,1909f56bfc062723c751e8b465ee728b)
Start importing Assets/Backgrounds/3 informações.png using Guid(096603877e71be7418ce743ca77195b6) Importer(815301076,1909f56bfc062723c751e8b465ee728b)  -> (artifact id: 'ec5fa5c1841eb4a6970ba60635126ca4') in 0.027592 seconds
  Import took 0.034924 seconds .

========================================================================
Received Prepare
Registering precompiled user dll's ...
Registered in 0.001331 seconds.
Begin MonoManager ReloadAssembly
Native extension for WindowsStandalone target not found
Refreshing native plugins compatible for Editor in 0.42 ms, found 1 plugins.
Preloading 0 native plugins for Editor in 0.00 ms.
Invoked RoslynAnalysisRunner static constructor.
RoslynAnalysisRunner will not be running.
RoslynAnalysisRunner has terminated.
Mono: successfully reloaded assembly
- Completed reload, in  1.126 seconds
Platform modules already initialized, skipping
Refreshing native plugins compatible for Editor in 0.49 ms, found 1 plugins.
Preloading 0 native plugins for Editor in 0.00 ms.
Unloading 1815 Unused Serialized files (Serialized files now loaded: 0)
System memory in use before: 89.7 MB.
System memory in use after: 89.7 MB.

Unloading 12 unused Assets to reduce memory usage. Loaded Objects now: 2288.
Total: 2.446000 ms (FindLiveObjects: 0.295900 ms CreateObjectMapping: 0.113300 ms MarkObjects: 1.843700 ms  DeleteObjects: 0.192100 ms)

========================================================================
Received Import Request.
  Time since last request: 142.509008 seconds.
  path: Assets/Fonts/Big_Shoulders_Display/BigShouldersDisplay-Black SDF.asset
  artifactKey: Guid(68809af5d6eeb8c498208ee65162173b) Importer(815301076,1909f56bfc062723c751e8b465ee728b)
Start importing Assets/Fonts/Big_Shoulders_Display/BigShouldersDisplay-Black SDF.asset using Guid(68809af5d6eeb8c498208ee65162173b) Importer(815301076,1909f56bfc062723c751e8b465ee728b)  -> (artifact id: '4424e89ec8aebd160d0828e875354a88') in 0.170559 seconds
  Import took 0.180357 seconds .

========================================================================
Received Import Request.
  Time since last request: 84.040200 seconds.
  path: Assets/Fonts/Big_Shoulders_Display/BigShouldersDisplay-Black SDF.asset
  artifactKey: Guid(68809af5d6eeb8c498208ee65162173b) Importer(815301076,1909f56bfc062723c751e8b465ee728b)
Start importing Assets/Fonts/Big_Shoulders_Display/BigShouldersDisplay-Black SDF.asset using Guid(68809af5d6eeb8c498208ee65162173b) Importer(815301076,1909f56bfc062723c751e8b465ee728b)  -> (artifact id: '8ea1c4389aea5a01744089e6ff258732') in 0.071994 seconds
  Import took 0.081873 seconds .

========================================================================
Received Prepare
Registering precompiled user dll's ...
Registered in 0.001462 seconds.
Begin MonoManager ReloadAssembly
Native extension for WindowsStandalone target not found
Refreshing native plugins compatible for Editor in 0.39 ms, found 1 plugins.
Preloading 0 native plugins for Editor in 0.00 ms.
Invoked RoslynAnalysisRunner static constructor.
RoslynAnalysisRunner will not be running.
RoslynAnalysisRunner has terminated.
Mono: successfully reloaded assembly
- Completed reload, in  1.112 seconds
Platform modules already initialized, skipping
Refreshing native plugins compatible for Editor in 0.52 ms, found 1 plugins.
Preloading 0 native plugins for Editor in 0.00 ms.
Unloading 1815 Unused Serialized files (Serialized files now loaded: 0)
System memory in use before: 90.0 MB.
System memory in use after: 90.0 MB.

Unloading 12 unused Assets to reduce memory usage. Loaded Objects now: 2331.
Total: 2.450500 ms (FindLiveObjects: 0.246000 ms CreateObjectMapping: 0.078000 ms MarkObjects: 1.979400 ms  DeleteObjects: 0.145500 ms)

========================================================================
Received Import Request.
  Time since last request: 38.662941 seconds.
  path: Assets/Fonts/Big_Shoulders_Display/BigShouldersDisplay-Black SDF.asset
  artifactKey: Guid(68809af5d6eeb8c498208ee65162173b) Importer(815301076,1909f56bfc062723c751e8b465ee728b)
Start importing Assets/Fonts/Big_Shoulders_Display/BigShouldersDisplay-Black SDF.asset using Guid(68809af5d6eeb8c498208ee65162173b) Importer(815301076,1909f56bfc062723c751e8b465ee728b)  -> (artifact id: 'f282fed6de96ea8e0cbc833855bd3d30') in 0.183450 seconds
  Import took 0.188771 seconds .

========================================================================
Received Prepare
Registering precompiled user dll's ...
Registered in 0.003007 seconds.
Begin MonoManager ReloadAssembly
Native extension for WindowsStandalone target not found
Refreshing native plugins compatible for Editor in 0.40 ms, found 1 plugins.
Preloading 0 native plugins for Editor in 0.00 ms.
Invoked RoslynAnalysisRunner static constructor.
RoslynAnalysisRunner will not be running.
RoslynAnalysisRunner has terminated.
Mono: successfully reloaded assembly
- Completed reload, in  1.181 seconds
Platform modules already initialized, skipping
Refreshing native plugins compatible for Editor in 0.41 ms, found 1 plugins.
Preloading 0 native plugins for Editor in 0.00 ms.
Unloading 1815 Unused Serialized files (Serialized files now loaded: 0)
System memory in use before: 90.0 MB.
System memory in use after: 90.0 MB.

Unloading 12 unused Assets to reduce memory usage. Loaded Objects now: 2337.
Total: 2.854900 ms (FindLiveObjects: 0.562600 ms CreateObjectMapping: 0.149400 ms MarkObjects: 2.007000 ms  DeleteObjects: 0.134400 ms)

========================================================================
Received Import Request.
  Time since last request: 196.289674 seconds.
  path: Assets/Fonts/Big_Shoulders_Display/BigShouldersDisplay-Black SDF.asset
  artifactKey: Guid(68809af5d6eeb8c498208ee65162173b) Importer(815301076,1909f56bfc062723c751e8b465ee728b)
Start importing Assets/Fonts/Big_Shoulders_Display/BigShouldersDisplay-Black SDF.asset using Guid(68809af5d6eeb8c498208ee65162173b) Importer(815301076,1909f56bfc062723c751e8b465ee728b)  -> (artifact id: 'aadfc394248e7c1d1b79b781a1355faa') in 0.185011 seconds
  Import took 0.190914 seconds .

========================================================================
Received Prepare
Registering precompiled user dll's ...
Registered in 0.003340 seconds.
Begin MonoManager ReloadAssembly
Native extension for WindowsStandalone target not found
Refreshing native plugins compatible for Editor in 0.40 ms, found 1 plugins.
Preloading 0 native plugins for Editor in 0.00 ms.
Invoked RoslynAnalysisRunner static constructor.
RoslynAnalysisRunner will not be running.
RoslynAnalysisRunner has terminated.
Mono: successfully reloaded assembly
- Completed reload, in  1.554 seconds
Platform modules already initialized, skipping
Refreshing native plugins compatible for Editor in 0.45 ms, found 1 plugins.
Preloading 0 native plugins for Editor in 0.00 ms.
Unloading 1815 Unused Serialized files (Serialized files now loaded: 0)
System memory in use before: 90.0 MB.
System memory in use after: 90.0 MB.

Unloading 12 unused Assets to reduce memory usage. Loaded Objects now: 2343.
Total: 3.786600 ms (FindLiveObjects: 0.621300 ms CreateObjectMapping: 0.137300 ms MarkObjects: 2.862000 ms  DeleteObjects: 0.164200 ms)

========================================================================
Received Prepare
Registering precompiled user dll's ...
Registered in 0.001471 seconds.
Begin MonoManager ReloadAssembly
Native extension for WindowsStandalone target not found
Refreshing native plugins compatible for Editor in 0.40 ms, found 1 plugins.
Preloading 0 native plugins for Editor in 0.00 ms.
Invoked RoslynAnalysisRunner static constructor.
RoslynAnalysisRunner will not be running.
RoslynAnalysisRunner has terminated.
Mono: successfully reloaded assembly
- Completed reload, in  1.265 seconds
Platform modules already initialized, skipping
Refreshing native plugins compatible for Editor in 0.40 ms, found 1 plugins.
Preloading 0 native plugins for Editor in 0.00 ms.
Unloading 1815 Unused Serialized files (Serialized files now loaded: 0)
System memory in use before: 90.1 MB.
System memory in use after: 90.0 MB.

Unloading 12 unused Assets to reduce memory usage. Loaded Objects now: 2347.
Total: 2.523700 ms (FindLiveObjects: 0.238000 ms CreateObjectMapping: 0.113500 ms MarkObjects: 2.032900 ms  DeleteObjects: 0.137900 ms)

========================================================================
Received Prepare
Registering precompiled user dll's ...
Registered in 0.008749 seconds.
Begin MonoManager ReloadAssembly
Native extension for WindowsStandalone target not found
Refreshing native plugins compatible for Editor in 0.48 ms, found 1 plugins.
Preloading 0 native plugins for Editor in 0.00 ms.
Invoked RoslynAnalysisRunner static constructor.
RoslynAnalysisRunner will not be running.
RoslynAnalysisRunner has terminated.
Mono: successfully reloaded assembly
- Completed reload, in  1.237 seconds
Platform modules already initialized, skipping
Refreshing native plugins compatible for Editor in 0.56 ms, found 1 plugins.
Preloading 0 native plugins for Editor in 0.00 ms.
Unloading 1815 Unused Serialized files (Serialized files now loaded: 0)
System memory in use before: 90.1 MB.
System memory in use after: 90.1 MB.

Unloading 12 unused Assets to reduce memory usage. Loaded Objects now: 2351.
Total: 2.343500 ms (FindLiveObjects: 0.272200 ms CreateObjectMapping: 0.109500 ms MarkObjects: 1.828900 ms  DeleteObjects: 0.131300 ms)

========================================================================
Received Import Request.
  Time since last request: 293.218582 seconds.
  path: Assets/Backgrounds/info_background.png
  artifactKey: Guid(096603877e71be7418ce743ca77195b6) Importer(815301076,1909f56bfc062723c751e8b465ee728b)
Start importing Assets/Backgrounds/info_background.png using Guid(096603877e71be7418ce743ca77195b6) Importer(815301076,1909f56bfc062723c751e8b465ee728b)  -> (artifact id: '484f045aa6cb1b684270f11fded77803') in 0.107772 seconds
  Import took 0.113910 seconds .

========================================================================
Received Import Request.
  Time since last request: 16.015180 seconds.
  path: Assets/Backgrounds/5 carga horária.png
  artifactKey: Guid(0f5c96cebba84a54dbbcecbdb4c8e2b7) Importer(815301076,1909f56bfc062723c751e8b465ee728b)
Start importing Assets/Backgrounds/5 carga horária.png using Guid(0f5c96cebba84a54dbbcecbdb4c8e2b7) Importer(815301076,1909f56bfc062723c751e8b465ee728b)  -> (artifact id: '3a35f114243be71225bcd6a293c27871') in 0.065883 seconds
  Import took 0.075155 seconds .

========================================================================
Received Import Request.
  Time since last request: 7.641036 seconds.
  path: Assets/Scenes/Creating-User/Informations.unity
  artifactKey: Guid(4e5b3f4cabd78fc41a42d712e901a0f2) Importer(815301076,1909f56bfc062723c751e8b465ee728b)
Start importing Assets/Scenes/Creating-User/Informations.unity using Guid(4e5b3f4cabd78fc41a42d712e901a0f2) Importer(815301076,1909f56bfc062723c751e8b465ee728b)  -> (artifact id: '57b4d2e0b1b6a8fdaaa1646fcc2b5c60') in 0.424695 seconds
  Import took 0.430395 seconds .

========================================================================
Received Prepare
Registering precompiled user dll's ...
Registered in 0.001403 seconds.
Begin MonoManager ReloadAssembly
Native extension for WindowsStandalone target not found
Refreshing native plugins compatible for Editor in 0.39 ms, found 1 plugins.
Preloading 0 native plugins for Editor in 0.00 ms.
Invoked RoslynAnalysisRunner static constructor.
RoslynAnalysisRunner will not be running.
RoslynAnalysisRunner has terminated.
Mono: successfully reloaded assembly
- Completed reload, in  1.009 seconds
Platform modules already initialized, skipping
Refreshing native plugins compatible for Editor in 0.40 ms, found 1 plugins.
Preloading 0 native plugins for Editor in 0.00 ms.
Unloading 1815 Unused Serialized files (Serialized files now loaded: 0)
System memory in use before: 90.1 MB.
System memory in use after: 90.1 MB.

Unloading 12 unused Assets to reduce memory usage. Loaded Objects now: 2356.
Total: 2.840900 ms (FindLiveObjects: 0.298300 ms CreateObjectMapping: 0.182000 ms MarkObjects: 2.220400 ms  DeleteObjects: 0.139000 ms)

========================================================================
Received Import Request.
  Time since last request: 351.484698 seconds.
  path: Assets/Backgrounds/6 loading.png
  artifactKey: Guid(de91883f6c724e544b81dc65ecf4e2e2) Importer(815301076,1909f56bfc062723c751e8b465ee728b)
Start importing Assets/Backgrounds/6 loading.png using Guid(de91883f6c724e544b81dc65ecf4e2e2) Importer(815301076,1909f56bfc062723c751e8b465ee728b)  -> (artifact id: '2745c6dbf2d7b8a8da725ef14e337bc3') in 0.095051 seconds
  Import took 0.104066 seconds .

========================================================================
Received Import Request.
  Time since last request: 11.307595 seconds.
  path: Assets/Backgrounds/cargaH_background.png
  artifactKey: Guid(0f5c96cebba84a54dbbcecbdb4c8e2b7) Importer(815301076,1909f56bfc062723c751e8b465ee728b)
Start importing Assets/Backgrounds/cargaH_background.png using Guid(0f5c96cebba84a54dbbcecbdb4c8e2b7) Importer(815301076,1909f56bfc062723c751e8b465ee728b)  -> (artifact id: '7a5ada712225e49539d590120f368b2a') in 0.053244 seconds
  Import took 0.058159 seconds .

========================================================================
Received Import Request.
  Time since last request: 141.117397 seconds.
  path: Assets/Backgrounds/load_background.png
  artifactKey: Guid(de91883f6c724e544b81dc65ecf4e2e2) Importer(815301076,1909f56bfc062723c751e8b465ee728b)
Start importing Assets/Backgrounds/load_background.png using Guid(de91883f6c724e544b81dc65ecf4e2e2) Importer(815301076,1909f56bfc062723c751e8b465ee728b)  -> (artifact id: 'de0c01071fad91880059e275bcd1dfcf') in 0.066748 seconds
  Import took 0.072347 seconds .

========================================================================
Received Import Request.
  Time since last request: 28.462893 seconds.
  path: Assets/Backgrounds/4 dias de estudos.png
  artifactKey: Guid(531ae9205215bdb4eada7d4b3935e99e) Importer(815301076,1909f56bfc062723c751e8b465ee728b)
Start importing Assets/Backgrounds/4 dias de estudos.png using Guid(531ae9205215bdb4eada7d4b3935e99e) Importer(815301076,1909f56bfc062723c751e8b465ee728b)  -> (artifact id: '194b81d9f22a39d26b924fb353e06dbd') in 0.077101 seconds
  Import took 0.093535 seconds .

========================================================================
Received Import Request.
  Time since last request: 43.466377 seconds.
  path: Assets/Backgrounds/checkDay_background.png
  artifactKey: Guid(531ae9205215bdb4eada7d4b3935e99e) Importer(815301076,1909f56bfc062723c751e8b465ee728b)
Start importing Assets/Backgrounds/checkDay_background.png using Guid(531ae9205215bdb4eada7d4b3935e99e) Importer(815301076,1909f56bfc062723c751e8b465ee728b)  -> (artifact id: '0fa88b5f6a874e68e6fec96db98f1c2f') in 0.046341 seconds
  Import took 0.052227 seconds .

========================================================================
Received Import Request.
  Time since last request: 29.920694 seconds.
  path: Assets/Backgrounds/7 conteúdo.png
  artifactKey: Guid(891b000e3bc457c4b87f6dec670f3ddf) Importer(815301076,1909f56bfc062723c751e8b465ee728b)
Start importing Assets/Backgrounds/7 conteúdo.png using Guid(891b000e3bc457c4b87f6dec670f3ddf) Importer(815301076,1909f56bfc062723c751e8b465ee728b)  -> (artifact id: '181e631f8ad92721995f85c09cd566c4') in 0.069986 seconds
  Import took 0.085998 seconds .

========================================================================
Received Import Request.
  Time since last request: 3.832236 seconds.
  path: Assets/Scenes/Schedule/MainScene.unity
  artifactKey: Guid(342fce7900e5c794aa124de68af85d4e) Importer(815301076,1909f56bfc062723c751e8b465ee728b)
Start importing Assets/Scenes/Schedule/MainScene.unity using Guid(342fce7900e5c794aa124de68af85d4e) Importer(815301076,1909f56bfc062723c751e8b465ee728b)  -> (artifact id: 'ef69bf9f1eed08f2ef497609d7e80c23') in 0.105873 seconds
  Import took 0.110054 seconds .

========================================================================
Received Import Request.
  Time since last request: 107.486915 seconds.
  path: Assets/Backgrounds/sched_background.png
  artifactKey: Guid(891b000e3bc457c4b87f6dec670f3ddf) Importer(815301076,1909f56bfc062723c751e8b465ee728b)
Start importing Assets/Backgrounds/sched_background.png using Guid(891b000e3bc457c4b87f6dec670f3ddf) Importer(815301076,1909f56bfc062723c751e8b465ee728b)  -> (artifact id: 'aa45f4265101859499d91d67d84239e3') in 0.049908 seconds
  Import took 0.056130 seconds .

========================================================================
Received Prepare
Registering precompiled user dll's ...
Registered in 0.001375 seconds.
Begin MonoManager ReloadAssembly
Native extension for WindowsStandalone target not found
Refreshing native plugins compatible for Editor in 0.39 ms, found 1 plugins.
Preloading 0 native plugins for Editor in 0.00 ms.
Invoked RoslynAnalysisRunner static constructor.
RoslynAnalysisRunner will not be running.
RoslynAnalysisRunner has terminated.
Mono: successfully reloaded assembly
- Completed reload, in  1.425 seconds
Platform modules already initialized, skipping
Refreshing native plugins compatible for Editor in 0.40 ms, found 1 plugins.
Preloading 0 native plugins for Editor in 0.00 ms.
Unloading 1815 Unused Serialized files (Serialized files now loaded: 0)
System memory in use before: 90.1 MB.
System memory in use after: 90.1 MB.

Unloading 12 unused Assets to reduce memory usage. Loaded Objects now: 2361.
Total: 3.493000 ms (FindLiveObjects: 0.311100 ms CreateObjectMapping: 0.775100 ms MarkObjects: 2.275200 ms  DeleteObjects: 0.129700 ms)

========================================================================
Received Prepare
Registering precompiled user dll's ...
Registered in 0.002332 seconds.
Begin MonoManager ReloadAssembly
Native extension for WindowsStandalone target not found
Refreshing native plugins compatible for Editor in 0.40 ms, found 1 plugins.
Preloading 0 native plugins for Editor in 0.00 ms.
Invoked RoslynAnalysisRunner static constructor.
RoslynAnalysisRunner will not be running.
RoslynAnalysisRunner has terminated.
Mono: successfully reloaded assembly
- Completed reload, in  1.570 seconds
Platform modules already initialized, skipping
Refreshing native plugins compatible for Editor in 0.40 ms, found 1 plugins.
Preloading 0 native plugins for Editor in 0.00 ms.
Unloading 1815 Unused Serialized files (Serialized files now loaded: 0)
System memory in use before: 90.1 MB.
System memory in use after: 90.1 MB.

Unloading 12 unused Assets to reduce memory usage. Loaded Objects now: 2365.
Total: 2.393400 ms (FindLiveObjects: 0.240400 ms CreateObjectMapping: 0.095600 ms MarkObjects: 1.906400 ms  DeleteObjects: 0.149200 ms)

========================================================================
Received Import Request.
  Time since last request: 392.732530 seconds.
  path: Assets/Scenes/Main-menu/Main-menu.unity
  artifactKey: Guid(2cda990e2423bbf4892e6590ba056729) Importer(815301076,1909f56bfc062723c751e8b465ee728b)
Start importing Assets/Scenes/Main-menu/Main-menu.unity using Guid(2cda990e2423bbf4892e6590ba056729) Importer(815301076,1909f56bfc062723c751e8b465ee728b)  -> (artifact id: '1003d3a5b20235b518fdfdb3260f9dd9') in 0.108623 seconds
  Import took 0.114154 seconds .

========================================================================
Received Import Request.
  Time since last request: 39.382363 seconds.
  path: Assets/Fonts/Big_Shoulders_Display/BigShouldersDisplay-Black SDF.asset
  artifactKey: Guid(68809af5d6eeb8c498208ee65162173b) Importer(815301076,1909f56bfc062723c751e8b465ee728b)
Start importing Assets/Fonts/Big_Shoulders_Display/BigShouldersDisplay-Black SDF.asset using Guid(68809af5d6eeb8c498208ee65162173b) Importer(815301076,1909f56bfc062723c751e8b465ee728b)  -> (artifact id: '44a983211f54dfe85ab01944f9bdfcfe') in 0.196044 seconds
  Import took 0.201062 seconds .

========================================================================
Received Import Request.
  Time since last request: 74.344005 seconds.
  path: Assets/Fonts/Big_Shoulders_Display/BigShouldersDisplay-Black SDF.asset
  artifactKey: Guid(68809af5d6eeb8c498208ee65162173b) Importer(815301076,1909f56bfc062723c751e8b465ee728b)
Start importing Assets/Fonts/Big_Shoulders_Display/BigShouldersDisplay-Black SDF.asset using Guid(68809af5d6eeb8c498208ee65162173b) Importer(815301076,1909f56bfc062723c751e8b465ee728b)  -> (artifact id: '663bf0bf67e6adafc74e23d9ff0b7485') in 0.101066 seconds
  Import took 0.116132 seconds .

========================================================================
Received Import Request.
  Time since last request: 134.455993 seconds.
  path: Assets/Scenes/Creating-User/WeekHours.unity
  artifactKey: Guid(eae7f02efec26c847b64fdb1c817ff30) Importer(815301076,1909f56bfc062723c751e8b465ee728b)
Start importing Assets/Scenes/Creating-User/WeekHours.unity using Guid(eae7f02efec26c847b64fdb1c817ff30) Importer(815301076,1909f56bfc062723c751e8b465ee728b)  -> (artifact id: 'f3d5e36d26bd2c87078ecead8a17dea3') in 0.115751 seconds
  Import took 0.120745 seconds .

========================================================================
Received Import Request.
  Time since last request: 4.622468 seconds.
  path: Assets/Backgrounds/Cronograma Enem Final.png
  artifactKey: Guid(570592f5e01e83448b97ee4b3873699c) Importer(815301076,1909f56bfc062723c751e8b465ee728b)
Start importing Assets/Backgrounds/Cronograma Enem Final.png using Guid(570592f5e01e83448b97ee4b3873699c) Importer(815301076,1909f56bfc062723c751e8b465ee728b)  -> (artifact id: '423a5121a7adbfe6f7bed67534bb20cc') in 0.111262 seconds
  Import took 0.116607 seconds .

========================================================================
Received Import Request.
  Time since last request: 24.114685 seconds.
  path: Assets/Backgrounds/cargaH_background.png
  artifactKey: Guid(570592f5e01e83448b97ee4b3873699c) Importer(815301076,1909f56bfc062723c751e8b465ee728b)
Start importing Assets/Backgrounds/cargaH_background.png using Guid(570592f5e01e83448b97ee4b3873699c) Importer(815301076,1909f56bfc062723c751e8b465ee728b)  -> (artifact id: 'c5b77f033368416fe236ec32ba8600c1') in 0.115205 seconds
  Import took 0.122105 seconds .

========================================================================
Received Import Request.
  Time since last request: 146.983174 seconds.
  path: Assets/Scenes/Main-menu/Main-menu.unity
  artifactKey: Guid(2cda990e2423bbf4892e6590ba056729) Importer(815301076,1909f56bfc062723c751e8b465ee728b)
Start importing Assets/Scenes/Main-menu/Main-menu.unity using Guid(2cda990e2423bbf4892e6590ba056729) Importer(815301076,1909f56bfc062723c751e8b465ee728b)  -> (artifact id: '6b2ff9e2009e8d5ac35a484783f7ca5b') in 0.118236 seconds
  Import took 0.123598 seconds .

========================================================================
Received Import Request.
  Time since last request: 12.052920 seconds.
  path: Assets/Buttons/9-removebg-preview.png
  artifactKey: Guid(a98b116c60383f049ac4bfe0cbdaad33) Importer(815301076,1909f56bfc062723c751e8b465ee728b)
Start importing Assets/Buttons/9-removebg-preview.png using Guid(a98b116c60383f049ac4bfe0cbdaad33) Importer(815301076,1909f56bfc062723c751e8b465ee728b)  -> (artifact id: '00a4556b011a02b0f2450d4290209ddf') in 0.104897 seconds
  Import took 0.110756 seconds .

========================================================================
Received Import Request.
  Time since last request: 0.000251 seconds.
  path: Assets/Buttons/página_1__2_-removebg-preview.png
  artifactKey: Guid(7d8829cb16967e642b9414e975f89533) Importer(815301076,1909f56bfc062723c751e8b465ee728b)
Start importing Assets/Buttons/página_1__2_-removebg-preview.png using Guid(7d8829cb16967e642b9414e975f89533) Importer(815301076,1909f56bfc062723c751e8b465ee728b)  -> (artifact id: '37878eaace908b5fb08450840ef53357') in 0.134517 seconds
  Import took 0.138462 seconds .

========================================================================
Received Import Request.
  Time since last request: 0.000253 seconds.
  path: Assets/Buttons/botão planner menstrual.png
  artifactKey: Guid(11c32cfc74a9ef342aa6125d0c92056a) Importer(815301076,1909f56bfc062723c751e8b465ee728b)
Start importing Assets/Buttons/botão planner menstrual.png using Guid(11c32cfc74a9ef342aa6125d0c92056a) Importer(815301076,1909f56bfc062723c751e8b465ee728b)  -> (artifact id: '1e60845cdc9c178be5a983b2b0b551de') in 0.095769 seconds
  Import took 0.103197 seconds .

========================================================================
Received Import Request.
  Time since last request: 0.000199 seconds.
  path: Assets/Buttons/página_crono-removebg-preview.png
  artifactKey: Guid(c3e3cf376f0463242bd9ed0e42982094) Importer(815301076,1909f56bfc062723c751e8b465ee728b)
Start importing Assets/Buttons/página_crono-removebg-preview.png using Guid(c3e3cf376f0463242bd9ed0e42982094) Importer(815301076,1909f56bfc062723c751e8b465ee728b)  -> (artifact id: 'eaabf7070d4484f5de0a66413c2565cf') in 0.055966 seconds
  Import took 0.063510 seconds .

========================================================================
Received Import Request.
  Time since last request: 0.000215 seconds.
  path: Assets/Buttons/botão planner alimentar.png
  artifactKey: Guid(8b696da5768f0f2409687345f939a5c6) Importer(815301076,1909f56bfc062723c751e8b465ee728b)
Start importing Assets/Buttons/botão planner alimentar.png using Guid(8b696da5768f0f2409687345f939a5c6) Importer(815301076,1909f56bfc062723c751e8b465ee728b)  -> (artifact id: 'cf643e84d79bd4c6374fa7d704652d73') in 0.072843 seconds
  Import took 0.078118 seconds .

========================================================================
Received Import Request.
  Time since last request: 0.000212 seconds.
  path: Assets/Buttons/11-removebg-preview.png
  artifactKey: Guid(40d5017e31a239d49bef1c7f33cac592) Importer(815301076,1909f56bfc062723c751e8b465ee728b)
Start importing Assets/Buttons/11-removebg-preview.png using Guid(40d5017e31a239d49bef1c7f33cac592) Importer(815301076,1909f56bfc062723c751e8b465ee728b)  -> (artifact id: '847e5c81a39e4d29588f17f8e43f582d') in 0.069917 seconds
  Import took 0.075444 seconds .

========================================================================
Received Import Request.
  Time since last request: 0.000113 seconds.
  path: Assets/Buttons/14-removebg-preview.png
  artifactKey: Guid(9981bcacac21b9542bcd70b9954f2044) Importer(815301076,1909f56bfc062723c751e8b465ee728b)
Start importing Assets/Buttons/14-removebg-preview.png using Guid(9981bcacac21b9542bcd70b9954f2044) Importer(815301076,1909f56bfc062723c751e8b465ee728b)  -> (artifact id: 'cd78e63468667b078d34a68279e6337e') in 0.054347 seconds
  Import took 0.060714 seconds .

========================================================================
Received Import Request.
  Time since last request: 0.000063 seconds.
  path: Assets/Buttons/botão planner finan.png
  artifactKey: Guid(e2ddb69dc101d3541b0b221a652764e1) Importer(815301076,1909f56bfc062723c751e8b465ee728b)
Start importing Assets/Buttons/botão planner finan.png using Guid(e2ddb69dc101d3541b0b221a652764e1) Importer(815301076,1909f56bfc062723c751e8b465ee728b)  -> (artifact id: 'e1b2dcdad841f55a6dee1bef2477a376') in 0.064236 seconds
  Import took 0.068363 seconds .

========================================================================
Received Import Request.
  Time since last request: 0.000192 seconds.
  path: Assets/Buttons/página_1-removebg-preview.png
  artifactKey: Guid(c536641db69c76f4199017028215620a) Importer(815301076,1909f56bfc062723c751e8b465ee728b)
Start importing Assets/Buttons/página_1-removebg-preview.png using Guid(c536641db69c76f4199017028215620a) Importer(815301076,1909f56bfc062723c751e8b465ee728b)  -> (artifact id: 'd161df161b5f2b214609e493619a7d62') in 0.054184 seconds
  Import took 0.059014 seconds .

========================================================================
Received Import Request.
  Time since last request: 0.000056 seconds.
  path: Assets/Buttons/13-removebg-preview.png
  artifactKey: Guid(de569e5d0695ebf41b9c684cb87975fd) Importer(815301076,1909f56bfc062723c751e8b465ee728b)
Start importing Assets/Buttons/13-removebg-preview.png using Guid(de569e5d0695ebf41b9c684cb87975fd) Importer(815301076,1909f56bfc062723c751e8b465ee728b)  -> (artifact id: '98e877b9970f595668a97a958a83456e') in 0.093520 seconds
  Import took 0.098032 seconds .

========================================================================
Received Import Request.
  Time since last request: 0.000211 seconds.
  path: Assets/Buttons/botão planner estud.png
  artifactKey: Guid(e10d6b310e491464bb7411e693bff0f2) Importer(815301076,1909f56bfc062723c751e8b465ee728b)
Start importing Assets/Buttons/botão planner estud.png using Guid(e10d6b310e491464bb7411e693bff0f2) Importer(815301076,1909f56bfc062723c751e8b465ee728b)  -> (artifact id: 'fa2dcdc1c21e9c87a963e6cbbffca79d') in 0.063570 seconds
  Import took 0.071908 seconds .

========================================================================
Received Import Request.
  Time since last request: 0.000065 seconds.
  path: Assets/Buttons/página_crono__2_-removebg-preview.png
  artifactKey: Guid(9e9e94bc71eebce488f5c8bc1cb2a972) Importer(815301076,1909f56bfc062723c751e8b465ee728b)
Start importing Assets/Buttons/página_crono__2_-removebg-preview.png using Guid(9e9e94bc71eebce488f5c8bc1cb2a972) Importer(815301076,1909f56bfc062723c751e8b465ee728b)  -> (artifact id: '836090d87fd1c3bd37288b3111ac1961') in 0.093404 seconds
  Import took 0.098919 seconds .

========================================================================
Received Import Request.
  Time since last request: 0.000213 seconds.
  path: Assets/Buttons/18-removebg-preview.png
  artifactKey: Guid(af2d7bbc15e5067498d2598d26e57e5a) Importer(815301076,1909f56bfc062723c751e8b465ee728b)
Start importing Assets/Buttons/18-removebg-preview.png using Guid(af2d7bbc15e5067498d2598d26e57e5a) Importer(815301076,1909f56bfc062723c751e8b465ee728b)  -> (artifact id: '69ca34ab4b3929d0bc2b5d8520c55775') in 0.070058 seconds
  Import took 0.074322 seconds .

========================================================================
Received Import Request.
  Time since last request: 0.000052 seconds.
  path: Assets/Buttons/Ícone Prog Reche Studies.png
  artifactKey: Guid(5dc38271e061fc74c8add11bfc4df7ae) Importer(815301076,1909f56bfc062723c751e8b465ee728b)
Start importing Assets/Buttons/Ícone Prog Reche Studies.png using Guid(5dc38271e061fc74c8add11bfc4df7ae) Importer(815301076,1909f56bfc062723c751e8b465ee728b)  -> (artifact id: '428ecbec10f17f25bac0320c71b81a1d') in 0.062012 seconds
  Import took 0.085495 seconds .

========================================================================
Received Import Request.
  Time since last request: 0.000209 seconds.
  path: Assets/Buttons/17-removebg-preview.png
  artifactKey: Guid(0e2d99f2cc9d7084788edab964dfc871) Importer(815301076,1909f56bfc062723c751e8b465ee728b)
Start importing Assets/Buttons/17-removebg-preview.png using Guid(0e2d99f2cc9d7084788edab964dfc871) Importer(815301076,1909f56bfc062723c751e8b465ee728b)  -> (artifact id: 'f24372846a8a0f77c1165acd6be669ed') in 0.071796 seconds
  Import took 0.076919 seconds .

========================================================================
Received Import Request.
  Time since last request: 0.000055 seconds.
  path: Assets/Buttons/10-removebg-preview.png
  artifactKey: Guid(bcc4469e6c9095a46a52c0e429d6a92a) Importer(815301076,1909f56bfc062723c751e8b465ee728b)
Start importing Assets/Buttons/10-removebg-preview.png using Guid(bcc4469e6c9095a46a52c0e429d6a92a) Importer(815301076,1909f56bfc062723c751e8b465ee728b)  -> (artifact id: '531de7e7832a4d3b08a881f870b265df') in 0.079040 seconds
  Import took 0.210892 seconds .

========================================================================
Received Import Request.
  Time since last request: 0.000215 seconds.
  path: Assets/Buttons/pag_1__2_-removebg-preview.png
  artifactKey: Guid(f1c5c1f8bc0d5b247944b534b34af3a5) Importer(815301076,1909f56bfc062723c751e8b465ee728b)
Start importing Assets/Buttons/pag_1__2_-removebg-preview.png using Guid(f1c5c1f8bc0d5b247944b534b34af3a5) Importer(815301076,1909f56bfc062723c751e8b465ee728b)  -> (artifact id: 'f9e64c03053a089c4f4558a4a406fd5f') in 0.071638 seconds
  Import took 0.077065 seconds .

========================================================================
Received Import Request.
  Time since last request: 172.984790 seconds.
  path: Assets/Buttons/pag_1__2_-removebg-preview.png
  artifactKey: Guid(f1c5c1f8bc0d5b247944b534b34af3a5) Importer(815301076,1909f56bfc062723c751e8b465ee728b)
Start importing Assets/Buttons/pag_1__2_-removebg-preview.png using Guid(f1c5c1f8bc0d5b247944b534b34af3a5) Importer(815301076,1909f56bfc062723c751e8b465ee728b)  -> (artifact id: '258cbd138a512ffae11ab22b25136c75') in 0.164565 seconds
  Import took 0.171888 seconds .

========================================================================
Received Import Request.
  Time since last request: 98.985681 seconds.
  path: Assets/Buttons/pag_1__2_-removebg-preview.png
  artifactKey: Guid(f1c5c1f8bc0d5b247944b534b34af3a5) Importer(815301076,1909f56bfc062723c751e8b465ee728b)
Start importing Assets/Buttons/pag_1__2_-removebg-preview.png using Guid(f1c5c1f8bc0d5b247944b534b34af3a5) Importer(815301076,1909f56bfc062723c751e8b465ee728b)  -> (artifact id: 'c0069176a65c5db3e7e423bb00b675ae') in 0.047989 seconds
  Import took 0.054446 seconds .

========================================================================
Received Import Request.
  Time since last request: 192.589003 seconds.
  path: Assets/Scenes/Main-menu/Main-menu.unity
  artifactKey: Guid(2cda990e2423bbf4892e6590ba056729) Importer(815301076,1909f56bfc062723c751e8b465ee728b)
Start importing Assets/Scenes/Main-menu/Main-menu.unity using Guid(2cda990e2423bbf4892e6590ba056729) Importer(815301076,1909f56bfc062723c751e8b465ee728b)  -> (artifact id: '6c4cbc554a400436d58077bcbb58c021') in 0.117478 seconds
  Import took 0.123086 seconds .

========================================================================
Received Import Request.
  Time since last request: 4.540185 seconds.
  path: Assets/Scenes/Schedule/MainScene.unity
  artifactKey: Guid(342fce7900e5c794aa124de68af85d4e) Importer(815301076,1909f56bfc062723c751e8b465ee728b)
Start importing Assets/Scenes/Schedule/MainScene.unity using Guid(342fce7900e5c794aa124de68af85d4e) Importer(815301076,1909f56bfc062723c751e8b465ee728b)  -> (artifact id: 'dacf7708bc80bd16856d11d7714db372') in 0.057729 seconds
  Import took 0.062664 seconds .

========================================================================
Received Prepare
Registering precompiled user dll's ...
Registered in 0.002131 seconds.
Begin MonoManager ReloadAssembly
Native extension for WindowsStandalone target not found
Refreshing native plugins compatible for Editor in 0.44 ms, found 1 plugins.
Preloading 0 native plugins for Editor in 0.00 ms.
Invoked RoslynAnalysisRunner static constructor.
RoslynAnalysisRunner will not be running.
RoslynAnalysisRunner has terminated.
Mono: successfully reloaded assembly
- Completed reload, in  1.602 seconds
Platform modules already initialized, skipping
Refreshing native plugins compatible for Editor in 0.40 ms, found 1 plugins.
Preloading 0 native plugins for Editor in 0.00 ms.
Unloading 1815 Unused Serialized files (Serialized files now loaded: 0)
System memory in use before: 90.2 MB.
System memory in use after: 90.2 MB.

Unloading 12 unused Assets to reduce memory usage. Loaded Objects now: 2371.
Total: 2.428200 ms (FindLiveObjects: 0.260300 ms CreateObjectMapping: 0.105800 ms MarkObjects: 1.929100 ms  DeleteObjects: 0.131200 ms)

========================================================================
Received Prepare
Registering precompiled user dll's ...
Registered in 0.001759 seconds.
Begin MonoManager ReloadAssembly
Native extension for WindowsStandalone target not found
Refreshing native plugins compatible for Editor in 1.29 ms, found 1 plugins.
Preloading 0 native plugins for Editor in 0.00 ms.
Invoked RoslynAnalysisRunner static constructor.
RoslynAnalysisRunner will not be running.
RoslynAnalysisRunner has terminated.
Mono: successfully reloaded assembly
- Completed reload, in  1.256 seconds
Platform modules already initialized, skipping
Refreshing native plugins compatible for Editor in 0.40 ms, found 1 plugins.
Preloading 0 native plugins for Editor in 0.00 ms.
Unloading 1815 Unused Serialized files (Serialized files now loaded: 0)
System memory in use before: 90.2 MB.
System memory in use after: 90.2 MB.

Unloading 12 unused Assets to reduce memory usage. Loaded Objects now: 2375.
Total: 3.536200 ms (FindLiveObjects: 0.722500 ms CreateObjectMapping: 0.129800 ms MarkObjects: 2.507200 ms  DeleteObjects: 0.175000 ms)

========================================================================
Received Prepare
Registering precompiled user dll's ...
Registered in 0.001437 seconds.
Begin MonoManager ReloadAssembly
Native extension for WindowsStandalone target not found
Refreshing native plugins compatible for Editor in 0.40 ms, found 1 plugins.
Preloading 0 native plugins for Editor in 0.00 ms.
Invoked RoslynAnalysisRunner static constructor.
RoslynAnalysisRunner will not be running.
RoslynAnalysisRunner has terminated.
Mono: successfully reloaded assembly
- Completed reload, in  1.212 seconds
Platform modules already initialized, skipping
Refreshing native plugins compatible for Editor in 0.43 ms, found 1 plugins.
Preloading 0 native plugins for Editor in 0.00 ms.
Unloading 1815 Unused Serialized files (Serialized files now loaded: 0)
System memory in use before: 90.2 MB.
System memory in use after: 90.2 MB.

Unloading 12 unused Assets to reduce memory usage. Loaded Objects now: 2379.
Total: 3.078900 ms (FindLiveObjects: 0.259600 ms CreateObjectMapping: 0.103400 ms MarkObjects: 2.581800 ms  DeleteObjects: 0.132300 ms)

========================================================================
Received Prepare
Registering precompiled user dll's ...
Registered in 0.002051 seconds.
Begin MonoManager ReloadAssembly
Native extension for WindowsStandalone target not found
Refreshing native plugins compatible for Editor in 0.71 ms, found 1 plugins.
Preloading 0 native plugins for Editor in 0.00 ms.
Invoked RoslynAnalysisRunner static constructor.
RoslynAnalysisRunner will not be running.
RoslynAnalysisRunner has terminated.
Mono: successfully reloaded assembly
- Completed reload, in  1.225 seconds
Platform modules already initialized, skipping
Refreshing native plugins compatible for Editor in 0.42 ms, found 1 plugins.
Preloading 0 native plugins for Editor in 0.00 ms.
Unloading 1815 Unused Serialized files (Serialized files now loaded: 0)
System memory in use before: 90.2 MB.
System memory in use after: 90.2 MB.

Unloading 12 unused Assets to reduce memory usage. Loaded Objects now: 2383.
Total: 2.968700 ms (FindLiveObjects: 0.305900 ms CreateObjectMapping: 0.142300 ms MarkObjects: 2.377400 ms  DeleteObjects: 0.141000 ms)

========================================================================
Received Prepare
Registering precompiled user dll's ...
Registered in 0.007081 seconds.
Begin MonoManager ReloadAssembly
Native extension for WindowsStandalone target not found
Refreshing native plugins compatible for Editor in 0.42 ms, found 1 plugins.
Preloading 0 native plugins for Editor in 0.00 ms.
Invoked RoslynAnalysisRunner static constructor.
RoslynAnalysisRunner will not be running.
RoslynAnalysisRunner has terminated.
Mono: successfully reloaded assembly
- Completed reload, in  1.618 seconds
Platform modules already initialized, skipping
Refreshing native plugins compatible for Editor in 0.39 ms, found 1 plugins.
Preloading 0 native plugins for Editor in 0.00 ms.
Unloading 1815 Unused Serialized files (Serialized files now loaded: 0)
System memory in use before: 90.2 MB.
System memory in use after: 90.2 MB.

Unloading 12 unused Assets to reduce memory usage. Loaded Objects now: 2387.
Total: 2.393400 ms (FindLiveObjects: 0.256300 ms CreateObjectMapping: 0.112600 ms MarkObjects: 1.883700 ms  DeleteObjects: 0.139200 ms)

========================================================================
Received Import Request.
  Time since last request: 1303.830688 seconds.
  path: Assets/Scenes/Schedule/MainScene.unity
  artifactKey: Guid(342fce7900e5c794aa124de68af85d4e) Importer(815301076,1909f56bfc062723c751e8b465ee728b)
Start importing Assets/Scenes/Schedule/MainScene.unity using Guid(342fce7900e5c794aa124de68af85d4e) Importer(815301076,1909f56bfc062723c751e8b465ee728b)  -> (artifact id: 'cbb2e3794fe06cc66ffa24ec6b306ddd') in 0.120371 seconds
  Import took 0.125163 seconds .

========================================================================
Received Prepare
Registering precompiled user dll's ...
Registered in 0.013607 seconds.
Begin MonoManager ReloadAssembly
Native extension for WindowsStandalone target not found
Refreshing native plugins compatible for Editor in 0.43 ms, found 1 plugins.
Preloading 0 native plugins for Editor in 0.00 ms.
Invoked RoslynAnalysisRunner static constructor.
RoslynAnalysisRunner will not be running.
RoslynAnalysisRunner has terminated.
Mono: successfully reloaded assembly
- Completed reload, in  1.178 seconds
Platform modules already initialized, skipping
Refreshing native plugins compatible for Editor in 0.40 ms, found 1 plugins.
Preloading 0 native plugins for Editor in 0.00 ms.
Unloading 1815 Unused Serialized files (Serialized files now loaded: 0)
System memory in use before: 90.2 MB.
System memory in use after: 90.2 MB.

Unloading 12 unused Assets to reduce memory usage. Loaded Objects now: 2391.
Total: 4.042100 ms (FindLiveObjects: 0.222200 ms CreateObjectMapping: 0.110000 ms MarkObjects: 3.563700 ms  DeleteObjects: 0.144500 ms)

========================================================================
Received Prepare
Registering precompiled user dll's ...
Registered in 0.001592 seconds.
Begin MonoManager ReloadAssembly
Native extension for WindowsStandalone target not found
Refreshing native plugins compatible for Editor in 0.71 ms, found 1 plugins.
Preloading 0 native plugins for Editor in 0.00 ms.
Invoked RoslynAnalysisRunner static constructor.
RoslynAnalysisRunner will not be running.
RoslynAnalysisRunner has terminated.
Mono: successfully reloaded assembly
- Completed reload, in  1.137 seconds
Platform modules already initialized, skipping
Refreshing native plugins compatible for Editor in 0.42 ms, found 1 plugins.
Preloading 0 native plugins for Editor in 0.00 ms.
Unloading 1815 Unused Serialized files (Serialized files now loaded: 0)
System memory in use before: 90.2 MB.
System memory in use after: 90.2 MB.

Unloading 12 unused Assets to reduce memory usage. Loaded Objects now: 2395.
Total: 2.230300 ms (FindLiveObjects: 0.213000 ms CreateObjectMapping: 0.090900 ms MarkObjects: 1.773200 ms  DeleteObjects: 0.152300 ms)

========================================================================
Received Prepare
Registering precompiled user dll's ...
Registered in 0.001629 seconds.
Begin MonoManager ReloadAssembly
Native extension for WindowsStandalone target not found
Refreshing native plugins compatible for Editor in 0.38 ms, found 1 plugins.
Preloading 0 native plugins for Editor in 0.00 ms.
Invoked RoslynAnalysisRunner static constructor.
RoslynAnalysisRunner will not be running.
RoslynAnalysisRunner has terminated.
Mono: successfully reloaded assembly
- Completed reload, in  1.157 seconds
Platform modules already initialized, skipping
Refreshing native plugins compatible for Editor in 0.46 ms, found 1 plugins.
Preloading 0 native plugins for Editor in 0.00 ms.
Unloading 1815 Unused Serialized files (Serialized files now loaded: 0)
System memory in use before: 90.3 MB.
System memory in use after: 90.2 MB.

Unloading 12 unused Assets to reduce memory usage. Loaded Objects now: 2399.
Total: 3.046500 ms (FindLiveObjects: 0.461400 ms CreateObjectMapping: 0.098100 ms MarkObjects: 2.101900 ms  DeleteObjects: 0.383600 ms)

========================================================================
Received Prepare
Registering precompiled user dll's ...
Registered in 0.001328 seconds.
Begin MonoManager ReloadAssembly
Native extension for WindowsStandalone target not found
Refreshing native plugins compatible for Editor in 0.46 ms, found 1 plugins.
Preloading 0 native plugins for Editor in 0.00 ms.
Invoked RoslynAnalysisRunner static constructor.
RoslynAnalysisRunner will not be running.
RoslynAnalysisRunner has terminated.
Mono: successfully reloaded assembly
- Completed reload, in  1.421 seconds
Platform modules already initialized, skipping
Refreshing native plugins compatible for Editor in 0.44 ms, found 1 plugins.
Preloading 0 native plugins for Editor in 0.00 ms.
Unloading 1815 Unused Serialized files (Serialized files now loaded: 0)
System memory in use before: 90.3 MB.
System memory in use after: 90.3 MB.

Unloading 12 unused Assets to reduce memory usage. Loaded Objects now: 2403.
Total: 2.467000 ms (FindLiveObjects: 0.251700 ms CreateObjectMapping: 0.107100 ms MarkObjects: 1.968600 ms  DeleteObjects: 0.138200 ms)

========================================================================
Received Prepare
Registering precompiled user dll's ...
Registered in 0.003703 seconds.
Begin MonoManager ReloadAssembly
Native extension for WindowsStandalone target not found
Refreshing native plugins compatible for Editor in 0.41 ms, found 1 plugins.
Preloading 0 native plugins for Editor in 0.00 ms.
Invoked RoslynAnalysisRunner static constructor.
RoslynAnalysisRunner will not be running.
RoslynAnalysisRunner has terminated.
Mono: successfully reloaded assembly
- Completed reload, in  1.209 seconds
Platform modules already initialized, skipping
Refreshing native plugins compatible for Editor in 0.39 ms, found 1 plugins.
Preloading 0 native plugins for Editor in 0.00 ms.
Unloading 1815 Unused Serialized files (Serialized files now loaded: 0)
System memory in use before: 90.3 MB.
System memory in use after: 90.3 MB.

Unloading 12 unused Assets to reduce memory usage. Loaded Objects now: 2407.
Total: 3.323000 ms (FindLiveObjects: 0.537400 ms CreateObjectMapping: 0.120200 ms MarkObjects: 2.524000 ms  DeleteObjects: 0.137200 ms)

========================================================================
Received Prepare
Registering precompiled user dll's ...
Registered in 0.001409 seconds.
Begin MonoManager ReloadAssembly
Native extension for WindowsStandalone target not found
Refreshing native plugins compatible for Editor in 0.41 ms, found 1 plugins.
Preloading 0 native plugins for Editor in 0.00 ms.
Invoked RoslynAnalysisRunner static constructor.
RoslynAnalysisRunner will not be running.
RoslynAnalysisRunner has terminated.
Mono: successfully reloaded assembly
- Completed reload, in  1.280 seconds
Platform modules already initialized, skipping
Refreshing native plugins compatible for Editor in 0.39 ms, found 1 plugins.
Preloading 0 native plugins for Editor in 0.00 ms.
Unloading 1815 Unused Serialized files (Serialized files now loaded: 0)
System memory in use before: 90.3 MB.
System memory in use after: 90.3 MB.

Unloading 12 unused Assets to reduce memory usage. Loaded Objects now: 2411.
Total: 3.368000 ms (FindLiveObjects: 0.496400 ms CreateObjectMapping: 0.351200 ms MarkObjects: 2.374600 ms  DeleteObjects: 0.142700 ms)

AssetImportWorkerClient::OnTransportError - code=2 error=End of file
